<?xml version="1.0" encoding="UTF-8"?>
<testsuite name="com.forrrest.common.security.token.TokenProviderTest" tests="7" skipped="0" failures="0" errors="0" timestamp="2024-11-08T04:33:49" hostname="DESKTOP-NRCADRJ" time="0.152">
  <properties/>
  <testcase name="validateToken_ShouldThrowInvalidSignatureException()" classname="com.forrrest.common.security.token.TokenProviderTest" time="0.1"/>
  <testcase name="getAuthentication_ShouldThrowEmptyClaimsException()" classname="com.forrrest.common.security.token.TokenProviderTest" time="0.013"/>
  <testcase name="validateToken_ShouldThrowExpiredTokenException()" classname="com.forrrest.common.security.token.TokenProviderTest" time="0.008"/>
  <testcase name="getAuthentication_ShouldReturnCorrectAuthenticationType()" classname="com.forrrest.common.security.token.TokenProviderTest" time="0.011"/>
  <testcase name="createToken_ShouldGenerateValidToken()" classname="com.forrrest.common.security.token.TokenProviderTest" time="0.009"/>
  <testcase name="validateTokenType_ShouldThrowWrongTypeException()" classname="com.forrrest.common.security.token.TokenProviderTest" time="0.003"/>
  <testcase name="validateToken_ShouldThrowInvalidTokenException()" classname="com.forrrest.common.security.token.TokenProviderTest" time="0.003"/>
  <system-out><![CDATA[
  .   ____          _            __ _ _
 /\\ / ___'_ __ _ _(_)_ __  __ _ \ \ \ \
( ( )\___ | '_ | '_| | '_ \/ _` | \ \ \ \
 \\/  ___)| |_)| | | | | || (_| |  ) ) ) )
  '  |____| .__|_| |_|_| |_\__, | / / / /
 =========|_|==============|___/=/_/_/_/

 :: Spring Boot ::                (v3.3.5)

2024-11-08T13:33:49.578+09:00  INFO 34404 --- [    Test worker] c.f.c.security.token.TokenProviderTest   : Starting TokenProviderTest using Java 21.0.5 with PID 34404 (started by 범규 in C:\Users\범규\IdeaProjects\forrrest\forrrest-common)
2024-11-08T13:33:49.581+09:00  INFO 34404 --- [    Test worker] c.f.c.security.token.TokenProviderTest   : No active profile set, falling back to 1 default profile: "default"
2024-11-08T13:33:49.881+09:00  INFO 34404 --- [    Test worker] c.f.c.security.token.TokenProviderTest   : Started TokenProviderTest in 0.547 seconds (process running for 2.892)
]]></system-out>
  <system-err><![CDATA[]]></system-err>
</testsuite>
