<?xml version="1.0" encoding="UTF-8"?>
<testsuite name="com.forrrest.common.security.token.TokenProviderTest" tests="7" skipped="0" failures="0" errors="0" timestamp="2024-11-08T02:44:03" hostname="DESKTOP-NRCADRJ" time="0.683">
  <properties/>
  <testcase name="validateToken_ShouldThrowInvalidSignatureException()" classname="com.forrrest.common.security.token.TokenProviderTest" time="0.644"/>
  <testcase name="getAuthentication_ShouldThrowEmptyClaimsException()" classname="com.forrrest.common.security.token.TokenProviderTest" time="0.006"/>
  <testcase name="validateToken_ShouldThrowExpiredTokenException()" classname="com.forrrest.common.security.token.TokenProviderTest" time="0.005"/>
  <testcase name="getAuthentication_ShouldReturnCorrectAuthenticationType()" classname="com.forrrest.common.security.token.TokenProviderTest" time="0.007"/>
  <testcase name="createToken_ShouldGenerateValidToken()" classname="com.forrrest.common.security.token.TokenProviderTest" time="0.009"/>
  <testcase name="validateTokenType_ShouldThrowWrongTypeException()" classname="com.forrrest.common.security.token.TokenProviderTest" time="0.003"/>
  <testcase name="validateToken_ShouldThrowInvalidTokenException()" classname="com.forrrest.common.security.token.TokenProviderTest" time="0.003"/>
  <system-out><![CDATA[
  .   ____          _            __ _ _
 /\\ / ___'_ __ _ _(_)_ __  __ _ \ \ \ \
( ( )\___ | '_ | '_| | '_ \/ _` | \ \ \ \
 \\/  ___)| |_)| | | | | || (_| |  ) ) ) )
  '  |____| .__|_| |_|_| |_\__, | / / / /
 =========|_|==============|___/=/_/_/_/

 :: Spring Boot ::                (v3.3.5)

2024-11-08T11:44:03.527+09:00  INFO 26760 --- [    Test worker] c.f.c.security.token.TokenProviderTest   : Starting TokenProviderTest using Java 21.0.5 with PID 26760 (started by 범규 in C:\Users\범규\IdeaProjects\forrrest\forrrest-common)
2024-11-08T11:44:03.530+09:00  INFO 26760 --- [    Test worker] c.f.c.security.token.TokenProviderTest   : No active profile set, falling back to 1 default profile: "default"
2024-11-08T11:44:03.814+09:00  INFO 26760 --- [    Test worker] c.f.c.security.token.TokenProviderTest   : Started TokenProviderTest in 0.514 seconds (process running for 1.394)
]]></system-out>
  <system-err><![CDATA[WARNING: A Java agent has been loaded dynamically (C:\Users\¹?±?\.gradle\caches\modules-2\files-2.1\net.bytebuddy\byte-buddy-agent\1.14.19\154da3a65b4f4a909d3e5bdec55d1b2b4cbb6ce1\byte-buddy-agent-1.14.19.j)
WARNING: If a serviceability tool is in use, please run with -XX:+EnableDynamicAgentLoading to hide this warning
WARNING: If a serviceability tool is not in use, please run with -Djdk.instrument.traceUsage for more information
WARNING: Dynamic loading of agents will be disallowed by default in a future release
]]></system-err>
</testsuite>
